Base path: C:/Program Files/Unity/Editor/Data
Pipe name: \\.\pipe\UnityShaderCompiler-64bit-1-8168
Cmd: getPlatforms
Cmd: compileSnippet
  api=4 type=0 insize=70500 outsize=3931 kw=DIRECTIONAL SHADOWS_SCREEN LIGHTMAP_OFF DIRLIGHTMAP_COMBINED DYNAMICLIGHTMAP_ON VERTEXLIGHT_ON ok=1
Cmd: compileSnippet
  api=4 type=0 insize=408937 outsize=22659 kw=POINT EFFECT_BUMP EFFECT_HUE_VARIATION GEOM_TYPE_LEAF ok=1
Cmd: compileSnippet
  api=4 type=1 insize=408937 outsize=3541 kw=POINT EFFECT_BUMP EFFECT_HUE_VARIATION GEOM_TYPE_LEAF ok=1
Cmd: compileSnippet
  api=4 type=0 insize=408937 outsize=14298 kw=POINT EFFECT_BUMP EFFECT_HUE_VARIATION GEOM_TYPE_BRANCH_BLEND ok=1
Cmd: compileSnippet
  api=4 type=1 insize=408937 outsize=3687 kw=POINT EFFECT_BUMP EFFECT_HUE_VARIATION GEOM_TYPE_BRANCH_BLEND ok=1
Cmd: compileSnippet
  api=4 type=0 insize=408937 outsize=14997 kw=POINT EFFECT_BUMP EFFECT_HUE_VARIATION GEOM_TYPE_FROND ok=1
Cmd: compileSnippet
  api=4 type=1 insize=408937 outsize=3541 kw=POINT EFFECT_BUMP EFFECT_HUE_VARIATION GEOM_TYPE_FROND ok=1
Cmd: compileSnippet
  api=4 type=0 insize=408937 outsize=14274 kw=POINT EFFECT_BUMP EFFECT_HUE_VARIATION GEOM_TYPE_BRANCH_DETAIL ok=1
Cmd: compileSnippet
  api=4 type=1 insize=408937 outsize=3703 kw=POINT EFFECT_BUMP EFFECT_HUE_VARIATION GEOM_TYPE_BRANCH_DETAIL ok=1
Cmd: compileSnippet
  api=4 type=0 insize=634781 outsize=25145 kw=DIRECTIONAL SHADOWS_SCREEN LIGHTMAP_OFF DIRLIGHTMAP_OFF DYNAMICLIGHTMAP_OFF VERTEXLIGHT_ON EFFECT_BUMP EFFECT_HUE_VARIATION GEOM_TYPE_LEAF ok=1
Cmd: compileSnippet
  api=4 type=0 insize=634781 outsize=16784 kw=DIRECTIONAL SHADOWS_SCREEN LIGHTMAP_OFF DIRLIGHTMAP_OFF DYNAMICLIGHTMAP_OFF VERTEXLIGHT_ON EFFECT_BUMP EFFECT_HUE_VARIATION GEOM_TYPE_BRANCH_BLEND ok=1
Cmd: compileSnippet
  api=4 type=0 insize=634781 outsize=17483 kw=DIRECTIONAL SHADOWS_SCREEN LIGHTMAP_OFF DIRLIGHTMAP_OFF DYNAMICLIGHTMAP_OFF VERTEXLIGHT_ON EFFECT_BUMP EFFECT_HUE_VARIATION GEOM_TYPE_FROND ok=1
Cmd: compileSnippet
  api=4 type=0 insize=634781 outsize=16760 kw=DIRECTIONAL SHADOWS_SCREEN LIGHTMAP_OFF DIRLIGHTMAP_OFF DYNAMICLIGHTMAP_OFF VERTEXLIGHT_ON EFFECT_BUMP EFFECT_HUE_VARIATION GEOM_TYPE_BRANCH_DETAIL ok=1
Cmd: compileSnippet
  api=4 type=0 insize=408937 outsize=22911 kw=POINT LOD_FADE_PERCENTAGE EFFECT_BUMP EFFECT_HUE_VARIATION GEOM_TYPE_LEAF ok=1
Cmd: compileSnippet
  api=4 type=1 insize=408937 outsize=3541 kw=POINT LOD_FADE_PERCENTAGE EFFECT_BUMP EFFECT_HUE_VARIATION GEOM_TYPE_LEAF ok=1
Cmd: compileSnippet
  api=4 type=0 insize=408937 outsize=14396 kw=POINT LOD_FADE_PERCENTAGE EFFECT_BUMP EFFECT_HUE_VARIATION GEOM_TYPE_BRANCH_BLEND ok=1
Cmd: compileSnippet
  api=4 type=1 insize=408937 outsize=3687 kw=POINT LOD_FADE_PERCENTAGE EFFECT_BUMP EFFECT_HUE_VARIATION GEOM_TYPE_BRANCH_BLEND ok=1
Cmd: compileSnippet
  api=4 type=0 insize=408937 outsize=15168 kw=POINT LOD_FADE_PERCENTAGE EFFECT_BUMP EFFECT_HUE_VARIATION GEOM_TYPE_FROND ok=1
Cmd: compileSnippet
  api=4 type=1 insize=408937 outsize=3541 kw=POINT LOD_FADE_PERCENTAGE EFFECT_BUMP EFFECT_HUE_VARIATION GEOM_TYPE_FROND ok=1
Cmd: compileSnippet
  api=4 type=0 insize=408937 outsize=14396 kw=POINT LOD_FADE_PERCENTAGE EFFECT_BUMP EFFECT_HUE_VARIATION GEOM_TYPE_BRANCH_DETAIL ok=1
Cmd: compileSnippet
  api=4 type=1 insize=408937 outsize=3703 kw=POINT LOD_FADE_PERCENTAGE EFFECT_BUMP EFFECT_HUE_VARIATION GEOM_TYPE_BRANCH_DETAIL ok=1
